<?xml version="1.0" encoding="UTF-8"?>
<testng-results skipped="0" failed="1" ignored="0" total="6" passed="5">
  <reporter-output>
  </reporter-output>
  <suite name="FREE CRM Application Test Automation Test Suite" duration-ms="64289" started-at="2021-11-04T03:14:38Z" finished-at="2021-11-04T03:15:43Z">
    <groups>
    </groups>
    <test name="FREE CRM App Regression TestCases" duration-ms="64289" started-at="2021-11-04T03:14:38Z" finished-at="2021-11-04T03:15:43Z">
      <class name="com.crm.qa.testcases.LoginPage2Test">
        <test-method status="PASS" signature="setUp()[pri:0, instance:com.crm.qa.testcases.LoginPage2Test@7bba5817]" name="setUp" is-config="true" duration-ms="4980" started-at="2021-11-04T03:14:46Z" finished-at="2021-11-04T03:14:51Z">
          <reporter-output>
          </reporter-output>
        </test-method> <!-- setUp -->
        <test-method status="PASS" signature="loginPage2TitleTest()[pri:1, instance:com.crm.qa.testcases.LoginPage2Test@7bba5817]" name="loginPage2TitleTest" duration-ms="10" started-at="2021-11-04T03:14:51Z" finished-at="2021-11-04T03:14:51Z">
          <reporter-output>
          </reporter-output>
        </test-method> <!-- loginPage2TitleTest -->
        <test-method status="PASS" signature="teardown()[pri:0, instance:com.crm.qa.testcases.LoginPage2Test@7bba5817]" name="teardown" is-config="true" duration-ms="773" started-at="2021-11-04T03:14:51Z" finished-at="2021-11-04T03:14:52Z">
          <reporter-output>
          </reporter-output>
        </test-method> <!-- teardown -->
        <test-method status="PASS" signature="setUp()[pri:0, instance:com.crm.qa.testcases.LoginPage2Test@7bba5817]" name="setUp" is-config="true" duration-ms="6049" started-at="2021-11-04T03:15:31Z" finished-at="2021-11-04T03:15:37Z">
          <reporter-output>
          </reporter-output>
        </test-method> <!-- setUp -->
        <test-method status="PASS" signature="Login1Test()[pri:2, instance:com.crm.qa.testcases.LoginPage2Test@7bba5817]" name="Login1Test" duration-ms="5147" started-at="2021-11-04T03:15:37Z" finished-at="2021-11-04T03:15:42Z">
          <reporter-output>
          </reporter-output>
        </test-method> <!-- Login1Test -->
        <test-method status="PASS" signature="teardown()[pri:0, instance:com.crm.qa.testcases.LoginPage2Test@7bba5817]" name="teardown" is-config="true" duration-ms="657" started-at="2021-11-04T03:15:42Z" finished-at="2021-11-04T03:15:43Z">
          <reporter-output>
          </reporter-output>
        </test-method> <!-- teardown -->
      </class> <!-- com.crm.qa.testcases.LoginPage2Test -->
      <class name="com.crm.qa.testcases.HomePageTest">
        <test-method status="PASS" signature="setUp()[pri:0, instance:com.crm.qa.testcases.HomePageTest@742ff096]" name="setUp" is-config="true" duration-ms="10408" started-at="2021-11-04T03:14:52Z" finished-at="2021-11-04T03:15:02Z">
          <reporter-output>
          </reporter-output>
        </test-method> <!-- setUp -->
        <test-method status="PASS" signature="homepageTitleTest()[pri:1, instance:com.crm.qa.testcases.HomePageTest@742ff096]" name="homepageTitleTest" duration-ms="223" started-at="2021-11-04T03:15:02Z" finished-at="2021-11-04T03:15:02Z">
          <reporter-output>
          </reporter-output>
        </test-method> <!-- homepageTitleTest -->
        <test-method status="PASS" signature="teardown()[pri:0, instance:com.crm.qa.testcases.HomePageTest@742ff096]" name="teardown" is-config="true" duration-ms="759" started-at="2021-11-04T03:15:02Z" finished-at="2021-11-04T03:15:03Z">
          <reporter-output>
          </reporter-output>
        </test-method> <!-- teardown -->
      </class> <!-- com.crm.qa.testcases.HomePageTest -->
      <class name="com.crm.qa.testcases.ContactsPageTest">
        <test-method status="PASS" signature="setUp()[pri:0, instance:com.crm.qa.testcases.ContactsPageTest@75437611]" name="setUp" is-config="true" duration-ms="10883" started-at="2021-11-04T03:15:03Z" finished-at="2021-11-04T03:15:14Z">
          <reporter-output>
          </reporter-output>
        </test-method> <!-- setUp -->
        <test-method status="PASS" signature="verifyContactsLabelTest()[pri:1, instance:com.crm.qa.testcases.ContactsPageTest@75437611]" name="verifyContactsLabelTest" duration-ms="310" started-at="2021-11-04T03:15:14Z" finished-at="2021-11-04T03:15:14Z">
          <reporter-output>
          </reporter-output>
        </test-method> <!-- verifyContactsLabelTest -->
        <test-method status="PASS" signature="teardown()[pri:0, instance:com.crm.qa.testcases.ContactsPageTest@75437611]" name="teardown" is-config="true" duration-ms="709" started-at="2021-11-04T03:15:14Z" finished-at="2021-11-04T03:15:15Z">
          <reporter-output>
          </reporter-output>
        </test-method> <!-- teardown -->
      </class> <!-- com.crm.qa.testcases.ContactsPageTest -->
      <class name="com.crm.qa.testcases.LoginPage1Test">
        <test-method status="PASS" signature="setUp()[pri:0, instance:com.crm.qa.testcases.LoginPage1Test@712625fd]" name="setUp" is-config="true" duration-ms="6309" started-at="2021-11-04T03:14:39Z" finished-at="2021-11-04T03:14:45Z">
          <reporter-output>
          </reporter-output>
        </test-method> <!-- setUp -->
        <test-method status="PASS" signature="loginPage1TitleTest()[pri:1, instance:com.crm.qa.testcases.LoginPage1Test@712625fd]" name="loginPage1TitleTest" duration-ms="34" started-at="2021-11-04T03:14:45Z" finished-at="2021-11-04T03:14:45Z">
          <reporter-output>
          </reporter-output>
        </test-method> <!-- loginPage1TitleTest -->
        <test-method status="PASS" signature="teardown()[pri:0, instance:com.crm.qa.testcases.LoginPage1Test@712625fd]" name="teardown" is-config="true" duration-ms="906" started-at="2021-11-04T03:14:45Z" finished-at="2021-11-04T03:14:46Z">
          <reporter-output>
          </reporter-output>
        </test-method> <!-- teardown -->
        <test-method status="PASS" signature="setUp()[pri:0, instance:com.crm.qa.testcases.LoginPage1Test@712625fd]" name="setUp" is-config="true" duration-ms="5017" started-at="2021-11-04T03:15:15Z" finished-at="2021-11-04T03:15:20Z">
          <reporter-output>
          </reporter-output>
        </test-method> <!-- setUp -->
        <test-method status="FAIL" signature="FreeCrmLogoTest()[pri:2, instance:com.crm.qa.testcases.LoginPage1Test@712625fd]" name="FreeCrmLogoTest" duration-ms="10208" started-at="2021-11-04T03:15:20Z" finished-at="2021-11-04T03:15:30Z">
          <exception class="org.openqa.selenium.NoSuchElementException">
            <message>
              <![CDATA[no such element: Unable to locate element: {"method":"xpath","selector":"//a[(@class= "brand-name")and (@title="free crm home00")]"}
  (Session info: chrome=95.0.4638.69)
For documentation on this error, please visit: https://www.seleniumhq.org/exceptions/no_such_element.html
Build info: version: '3.141.59', revision: 'e82be7d358', time: '2018-11-14T08:17:03'
System info: host: 'DESKTOP-R1MUA42', ip: '192.168.1.127', os.name: 'Windows 10', os.arch: 'amd64', os.version: '10.0', java.version: '1.8.0_241'
Driver info: org.openqa.selenium.chrome.ChromeDriver
Capabilities {acceptInsecureCerts: false, browserName: chrome, browserVersion: 95.0.4638.69, chrome: {chromedriverVersion: 95.0.4638.54 (d31a821ec901f..., userDataDir: C:\WINDOWS\TEMP\scoped_dir5...}, goog:chromeOptions: {debuggerAddress: localhost:58558}, javascriptEnabled: true, networkConnectionEnabled: false, pageLoadStrategy: normal, platform: WINDOWS, platformName: WINDOWS, proxy: Proxy(), setWindowRect: true, strictFileInteractability: false, timeouts: {implicit: 0, pageLoad: 300000, script: 30000}, unhandledPromptBehavior: dismiss and notify, webauthn:extension:credBlob: true, webauthn:extension:largeBlob: true, webauthn:virtualAuthenticators: true}
Session ID: afcd9c74db3600a38343b569e41a05a2
*** Element info: {Using=xpath, value=//a[(@class= "brand-name")and (@title="free crm home00")]}]]>
            </message>
            <full-stacktrace>
              <![CDATA[org.openqa.selenium.NoSuchElementException: no such element: Unable to locate element: {"method":"xpath","selector":"//a[(@class= "brand-name")and (@title="free crm home00")]"}
  (Session info: chrome=95.0.4638.69)
For documentation on this error, please visit: https://www.seleniumhq.org/exceptions/no_such_element.html
Build info: version: '3.141.59', revision: 'e82be7d358', time: '2018-11-14T08:17:03'
System info: host: 'DESKTOP-R1MUA42', ip: '192.168.1.127', os.name: 'Windows 10', os.arch: 'amd64', os.version: '10.0', java.version: '1.8.0_241'
Driver info: org.openqa.selenium.chrome.ChromeDriver
Capabilities {acceptInsecureCerts: false, browserName: chrome, browserVersion: 95.0.4638.69, chrome: {chromedriverVersion: 95.0.4638.54 (d31a821ec901f..., userDataDir: C:\WINDOWS\TEMP\scoped_dir5...}, goog:chromeOptions: {debuggerAddress: localhost:58558}, javascriptEnabled: true, networkConnectionEnabled: false, pageLoadStrategy: normal, platform: WINDOWS, platformName: WINDOWS, proxy: Proxy(), setWindowRect: true, strictFileInteractability: false, timeouts: {implicit: 0, pageLoad: 300000, script: 30000}, unhandledPromptBehavior: dismiss and notify, webauthn:extension:credBlob: true, webauthn:extension:largeBlob: true, webauthn:virtualAuthenticators: true}
Session ID: afcd9c74db3600a38343b569e41a05a2
*** Element info: {Using=xpath, value=//a[(@class= "brand-name")and (@title="free crm home00")]}
at sun.reflect.NativeConstructorAccessorImpl.newInstance0(Native Method)
at sun.reflect.NativeConstructorAccessorImpl.newInstance(NativeConstructorAccessorImpl.java:62)
at sun.reflect.DelegatingConstructorAccessorImpl.newInstance(DelegatingConstructorAccessorImpl.java:45)
at java.lang.reflect.Constructor.newInstance(Constructor.java:423)
at org.openqa.selenium.remote.http.W3CHttpResponseCodec.createException(W3CHttpResponseCodec.java:187)
at org.openqa.selenium.remote.http.W3CHttpResponseCodec.decode(W3CHttpResponseCodec.java:122)
at org.openqa.selenium.remote.http.W3CHttpResponseCodec.decode(W3CHttpResponseCodec.java:49)
at org.openqa.selenium.remote.HttpCommandExecutor.execute(HttpCommandExecutor.java:158)
at org.openqa.selenium.remote.service.DriverCommandExecutor.execute(DriverCommandExecutor.java:83)
at org.openqa.selenium.remote.RemoteWebDriver.execute(RemoteWebDriver.java:552)
at org.openqa.selenium.remote.RemoteWebDriver.findElement(RemoteWebDriver.java:323)
at org.openqa.selenium.remote.RemoteWebDriver.findElementByXPath(RemoteWebDriver.java:428)
at org.openqa.selenium.By$ByXPath.findElement(By.java:353)
at org.openqa.selenium.remote.RemoteWebDriver.findElement(RemoteWebDriver.java:315)
at sun.reflect.NativeMethodAccessorImpl.invoke0(Native Method)
at sun.reflect.NativeMethodAccessorImpl.invoke(NativeMethodAccessorImpl.java:62)
at sun.reflect.DelegatingMethodAccessorImpl.invoke(DelegatingMethodAccessorImpl.java:43)
at java.lang.reflect.Method.invoke(Method.java:498)
at org.openqa.selenium.support.events.EventFiringWebDriver.lambda$new$1(EventFiringWebDriver.java:105)
at com.sun.proxy.$Proxy25.findElement(Unknown Source)
at org.openqa.selenium.support.events.EventFiringWebDriver.findElement(EventFiringWebDriver.java:194)
at org.openqa.selenium.support.pagefactory.DefaultElementLocator.findElement(DefaultElementLocator.java:69)
at org.openqa.selenium.support.pagefactory.internal.LocatingElementHandler.invoke(LocatingElementHandler.java:38)
at com.sun.proxy.$Proxy28.isDisplayed(Unknown Source)
at com.crm.qa.pages.LoginPage1.validateFreeCrmLogo(LoginPage1.java:30)
at com.crm.qa.testcases.LoginPage1Test.FreeCrmLogoTest(LoginPage1Test.java:38)
at sun.reflect.NativeMethodAccessorImpl.invoke0(Native Method)
at sun.reflect.NativeMethodAccessorImpl.invoke(NativeMethodAccessorImpl.java:62)
at sun.reflect.DelegatingMethodAccessorImpl.invoke(DelegatingMethodAccessorImpl.java:43)
at java.lang.reflect.Method.invoke(Method.java:498)
at org.testng.internal.MethodInvocationHelper.invokeMethod(MethodInvocationHelper.java:124)
at org.testng.internal.Invoker.invokeMethod(Invoker.java:583)
at org.testng.internal.Invoker.invokeTestMethod(Invoker.java:719)
at org.testng.internal.Invoker.invokeTestMethods(Invoker.java:989)
at org.testng.internal.TestMethodWorker.invokeTestMethods(TestMethodWorker.java:125)
at org.testng.internal.TestMethodWorker.run(TestMethodWorker.java:109)
at org.testng.TestRunner.privateRun(TestRunner.java:648)
at org.testng.TestRunner.run(TestRunner.java:505)
at org.testng.SuiteRunner.runTest(SuiteRunner.java:455)
at org.testng.SuiteRunner.runSequentially(SuiteRunner.java:450)
at org.testng.SuiteRunner.privateRun(SuiteRunner.java:415)
at org.testng.SuiteRunner.run(SuiteRunner.java:364)
at org.testng.SuiteRunnerWorker.runSuite(SuiteRunnerWorker.java:52)
at org.testng.SuiteRunnerWorker.run(SuiteRunnerWorker.java:84)
at org.testng.TestNG.runSuitesSequentially(TestNG.java:1208)
at org.testng.TestNG.runSuitesLocally(TestNG.java:1137)
at org.testng.TestNG.runSuites(TestNG.java:1049)
at org.testng.TestNG.run(TestNG.java:1017)
at org.apache.maven.surefire.testng.TestNGExecutor.run(TestNGExecutor.java:283)
at org.apache.maven.surefire.testng.TestNGXmlTestSuite.execute(TestNGXmlTestSuite.java:75)
at org.apache.maven.surefire.testng.TestNGProvider.invoke(TestNGProvider.java:120)
at org.apache.maven.surefire.booter.ForkedBooter.invokeProviderInSameClassLoader(ForkedBooter.java:384)
at org.apache.maven.surefire.booter.ForkedBooter.runSuitesInProcess(ForkedBooter.java:345)
at org.apache.maven.surefire.booter.ForkedBooter.execute(ForkedBooter.java:126)
at org.apache.maven.surefire.booter.ForkedBooter.main(ForkedBooter.java:418)
]]>
            </full-stacktrace>
          </exception> <!-- org.openqa.selenium.NoSuchElementException -->
          <reporter-output>
          </reporter-output>
        </test-method> <!-- FreeCrmLogoTest -->
        <test-method status="PASS" signature="teardown()[pri:0, instance:com.crm.qa.testcases.LoginPage1Test@712625fd]" name="teardown" is-config="true" duration-ms="811" started-at="2021-11-04T03:15:30Z" finished-at="2021-11-04T03:15:31Z">
          <reporter-output>
          </reporter-output>
        </test-method> <!-- teardown -->
      </class> <!-- com.crm.qa.testcases.LoginPage1Test -->
    </test> <!-- FREE CRM App Regression TestCases -->
  </suite> <!-- FREE CRM Application Test Automation Test Suite -->
</testng-results>
