<?xml version="1.0" encoding="UTF-8"?>
<testsuite xmlns:xsi="http://www.w3.org/2001/XMLSchema-instance" xsi:noNamespaceSchemaLocation="https://maven.apache.org/surefire/maven-surefire-plugin/xsd/surefire-test-report.xsd" name="TestSuite" time="10.756" tests="45" errors="0" skipped="41" failures="4">
  <properties>
[...]
</properties>
  <testcase name="setUp" classname="com.crm.qa.testcases.LoginPage1Test" time="5.075">
    <failure message="session not created: This version of ChromeDriver only supports Chrome version 95&#10;Current browser version is 97.0.4692.71 with binary path C:\Program Files\Google\Chrome\Application\chrome.exe&#10;Build info: version: &apos;3.141.59&apos;, revision: &apos;e82be7d358&apos;, time: &apos;2018-11-14T08:17:03&apos;&#10;System info: host: &apos;DESKTOP-R1MUA42&apos;, ip: &apos;192.168.1.127&apos;, os.name: &apos;Windows 10&apos;, os.arch: &apos;amd64&apos;, os.version: &apos;10.0&apos;, java.version: &apos;1.8.0_241&apos;&#10;Driver info: driver.version: ChromeDriver&#10;remote stacktrace: Backtrace:&#10;	Ordinal0 [0x00B506F3+2492147]&#10;	Ordinal0 [0x00AE9BD1+2071505]&#10;	Ordinal0 [0x009F2478+1057912]&#10;	Ordinal0 [0x00A10631+1181233]&#10;	Ordinal0 [0x00A0C43B+1164347]&#10;	Ordinal0 [0x00A09C9F+1154207]&#10;	Ordinal0 [0x00A39DFF+1351167]&#10;	Ordinal0 [0x00A39A6A+1350250]&#10;	Ordinal0 [0x00A3568B+1332875]&#10;	Ordinal0 [0x00A121D4+1188308]&#10;	Ordinal0 [0x00A1302F+1191983]&#10;	GetHandleVerifier [0x00CD67A6+1545030]&#10;	GetHandleVerifier [0x00D8105C+2243580]&#10;	GetHandleVerifier [0x00BDBC97+518199]&#10;	GetHandleVerifier [0x00BDAD80+514336]&#10;	Ordinal0 [0x00AEED2D+2092333]&#10;	Ordinal0 [0x00AF2EE8+2109160]&#10;	Ordinal0 [0x00AF3022+2109474]&#10;	Ordinal0 [0x00AFCB71+2149233]&#10;	BaseThreadInitThunk [0x75D6FA29+25]&#10;	RtlGetAppContainerNamedObjectPath [0x77D47A9E+286]&#10;	RtlGetAppContainerNamedObjectPath [0x77D47A6E+238]&#10;" type="org.openqa.selenium.SessionNotCreatedException">org.openqa.selenium.SessionNotCreatedException: 
session not created: This version of ChromeDriver only supports Chrome version 95
Current browser version is 97.0.4692.71 with binary path C:\Program Files\Google\Chrome\Application\chrome.exe
Build info: version: '3.141.59', revision: 'e82be7d358', time: '2018-11-14T08:17:03'
System info: host: 'DESKTOP-R1MUA42', ip: '192.168.1.127', os.name: 'Windows 10', os.arch: 'amd64', os.version: '10.0', java.version: '1.8.0_241'
Driver info: driver.version: ChromeDriver
remote stacktrace: Backtrace:
	Ordinal0 [0x00B506F3+2492147]
	Ordinal0 [0x00AE9BD1+2071505]
	Ordinal0 [0x009F2478+1057912]
	Ordinal0 [0x00A10631+1181233]
	Ordinal0 [0x00A0C43B+1164347]
	Ordinal0 [0x00A09C9F+1154207]
	Ordinal0 [0x00A39DFF+1351167]
	Ordinal0 [0x00A39A6A+1350250]
	Ordinal0 [0x00A3568B+1332875]
	Ordinal0 [0x00A121D4+1188308]
	Ordinal0 [0x00A1302F+1191983]
	GetHandleVerifier [0x00CD67A6+1545030]
	GetHandleVerifier [0x00D8105C+2243580]
	GetHandleVerifier [0x00BDBC97+518199]
	GetHandleVerifier [0x00BDAD80+514336]
	Ordinal0 [0x00AEED2D+2092333]
	Ordinal0 [0x00AF2EE8+2109160]
	Ordinal0 [0x00AF3022+2109474]
	Ordinal0 [0x00AFCB71+2149233]
	BaseThreadInitThunk [0x75D6FA29+25]
	RtlGetAppContainerNamedObjectPath [0x77D47A9E+286]
	RtlGetAppContainerNamedObjectPath [0x77D47A6E+238]

	at com.crm.qa.testcases.LoginPage1Test.setUp(LoginPage1Test.java:25)
</failure>
    <system-out><![CDATA[[TestNGContentHandler] [WARN] It is strongly recommended to add "<!DOCTYPE suite SYSTEM "http://testng.org/testng-1.0.dtd" >" at the top of your file, otherwise TestNG may fail or not work as expected.
]]></system-out>
    <system-err><![CDATA[Starting ChromeDriver 95.0.4638.54 (d31a821ec901f68d0d34ccdbaea45b4c86ce543e-refs/branch-heads/4638@{#871}) on port 39506
Only local connections are allowed.
Please see https://chromedriver.chromium.org/security-considerations for suggestions on keeping ChromeDriver safe.
ChromeDriver was started successfully.
]]></system-err>
  </testcase>
  <testcase name="setUp" classname="com.crm.qa.testcases.LoginPage1Test" time="0">
    <skipped/>
  </testcase>
  <testcase name="setUp" classname="com.crm.qa.testcases.LoginPage1Test" time="0">
    <skipped/>
  </testcase>
  <testcase name="loginPage1TitleTest" classname="com.crm.qa.testcases.LoginPage1Test" time="0">
    <skipped message="session not created: This version of ChromeDriver only supports Chrome version 95&#10;Current browser version is 97.0.4692.71 with binary path C:\Program Files\Google\Chrome\Application\chrome.exe&#10;Build info: version: &apos;3.141.59&apos;, revision: &apos;e82be7d358&apos;, time: &apos;2018-11-14T08:17:03&apos;&#10;System info: host: &apos;DESKTOP-R1MUA42&apos;, ip: &apos;192.168.1.127&apos;, os.name: &apos;Windows 10&apos;, os.arch: &apos;amd64&apos;, os.version: &apos;10.0&apos;, java.version: &apos;1.8.0_241&apos;&#10;Driver info: driver.version: ChromeDriver&#10;remote stacktrace: Backtrace:&#10;	Ordinal0 [0x00B506F3+2492147]&#10;	Ordinal0 [0x00AE9BD1+2071505]&#10;	Ordinal0 [0x009F2478+1057912]&#10;	Ordinal0 [0x00A10631+1181233]&#10;	Ordinal0 [0x00A0C43B+1164347]&#10;	Ordinal0 [0x00A09C9F+1154207]&#10;	Ordinal0 [0x00A39DFF+1351167]&#10;	Ordinal0 [0x00A39A6A+1350250]&#10;	Ordinal0 [0x00A3568B+1332875]&#10;	Ordinal0 [0x00A121D4+1188308]&#10;	Ordinal0 [0x00A1302F+1191983]&#10;	GetHandleVerifier [0x00CD67A6+1545030]&#10;	GetHandleVerifier [0x00D8105C+2243580]&#10;	GetHandleVerifier [0x00BDBC97+518199]&#10;	GetHandleVerifier [0x00BDAD80+514336]&#10;	Ordinal0 [0x00AEED2D+2092333]&#10;	Ordinal0 [0x00AF2EE8+2109160]&#10;	Ordinal0 [0x00AF3022+2109474]&#10;	Ordinal0 [0x00AFCB71+2149233]&#10;	BaseThreadInitThunk [0x75D6FA29+25]&#10;	RtlGetAppContainerNamedObjectPath [0x77D47A9E+286]&#10;	RtlGetAppContainerNamedObjectPath [0x77D47A6E+238]&#10;"/>
    <system-out><![CDATA[Skipped the execution
test case skipped at: loginPage1TitleTest
]]></system-out>
  </testcase>
  <testcase name="teardown" classname="com.crm.qa.testcases.LoginPage1Test" time="0">
    <skipped/>
  </testcase>
  <testcase name="teardown" classname="com.crm.qa.testcases.LoginPage1Test" time="0">
    <skipped/>
  </testcase>
  <testcase name="teardown" classname="com.crm.qa.testcases.LoginPage1Test" time="0">
    <skipped/>
  </testcase>
  <testcase name="setUp" classname="com.crm.qa.testcases.LoginPage2Test" time="6.306">
    <failure message="session not created: This version of ChromeDriver only supports Chrome version 95&#10;Current browser version is 97.0.4692.71 with binary path C:\Program Files\Google\Chrome\Application\chrome.exe&#10;Build info: version: &apos;3.141.59&apos;, revision: &apos;e82be7d358&apos;, time: &apos;2018-11-14T08:17:03&apos;&#10;System info: host: &apos;DESKTOP-R1MUA42&apos;, ip: &apos;192.168.1.127&apos;, os.name: &apos;Windows 10&apos;, os.arch: &apos;amd64&apos;, os.version: &apos;10.0&apos;, java.version: &apos;1.8.0_241&apos;&#10;Driver info: driver.version: ChromeDriver&#10;remote stacktrace: Backtrace:&#10;	Ordinal0 [0x00B506F3+2492147]&#10;	Ordinal0 [0x00AE9BD1+2071505]&#10;	Ordinal0 [0x009F2478+1057912]&#10;	Ordinal0 [0x00A10631+1181233]&#10;	Ordinal0 [0x00A0C43B+1164347]&#10;	Ordinal0 [0x00A09C9F+1154207]&#10;	Ordinal0 [0x00A39DFF+1351167]&#10;	Ordinal0 [0x00A39A6A+1350250]&#10;	Ordinal0 [0x00A3568B+1332875]&#10;	Ordinal0 [0x00A121D4+1188308]&#10;	Ordinal0 [0x00A1302F+1191983]&#10;	GetHandleVerifier [0x00CD67A6+1545030]&#10;	GetHandleVerifier [0x00D8105C+2243580]&#10;	GetHandleVerifier [0x00BDBC97+518199]&#10;	GetHandleVerifier [0x00BDAD80+514336]&#10;	Ordinal0 [0x00AEED2D+2092333]&#10;	Ordinal0 [0x00AF2EE8+2109160]&#10;	Ordinal0 [0x00AF3022+2109474]&#10;	Ordinal0 [0x00AFCB71+2149233]&#10;	BaseThreadInitThunk [0x75D6FA29+25]&#10;	RtlGetAppContainerNamedObjectPath [0x77D47A9E+286]&#10;	RtlGetAppContainerNamedObjectPath [0x77D47A6E+238]&#10;" type="org.openqa.selenium.SessionNotCreatedException">org.openqa.selenium.SessionNotCreatedException: 
session not created: This version of ChromeDriver only supports Chrome version 95
Current browser version is 97.0.4692.71 with binary path C:\Program Files\Google\Chrome\Application\chrome.exe
Build info: version: '3.141.59', revision: 'e82be7d358', time: '2018-11-14T08:17:03'
System info: host: 'DESKTOP-R1MUA42', ip: '192.168.1.127', os.name: 'Windows 10', os.arch: 'amd64', os.version: '10.0', java.version: '1.8.0_241'
Driver info: driver.version: ChromeDriver
remote stacktrace: Backtrace:
	Ordinal0 [0x00B506F3+2492147]
	Ordinal0 [0x00AE9BD1+2071505]
	Ordinal0 [0x009F2478+1057912]
	Ordinal0 [0x00A10631+1181233]
	Ordinal0 [0x00A0C43B+1164347]
	Ordinal0 [0x00A09C9F+1154207]
	Ordinal0 [0x00A39DFF+1351167]
	Ordinal0 [0x00A39A6A+1350250]
	Ordinal0 [0x00A3568B+1332875]
	Ordinal0 [0x00A121D4+1188308]
	Ordinal0 [0x00A1302F+1191983]
	GetHandleVerifier [0x00CD67A6+1545030]
	GetHandleVerifier [0x00D8105C+2243580]
	GetHandleVerifier [0x00BDBC97+518199]
	GetHandleVerifier [0x00BDAD80+514336]
	Ordinal0 [0x00AEED2D+2092333]
	Ordinal0 [0x00AF2EE8+2109160]
	Ordinal0 [0x00AF3022+2109474]
	Ordinal0 [0x00AFCB71+2149233]
	BaseThreadInitThunk [0x75D6FA29+25]
	RtlGetAppContainerNamedObjectPath [0x77D47A9E+286]
	RtlGetAppContainerNamedObjectPath [0x77D47A6E+238]

	at com.crm.qa.testcases.LoginPage2Test.setUp(LoginPage2Test.java:32)
</failure>
    <system-err><![CDATA[Starting ChromeDriver 95.0.4638.54 (d31a821ec901f68d0d34ccdbaea45b4c86ce543e-refs/branch-heads/4638@{#871}) on port 47256
Only local connections are allowed.
Please see https://chromedriver.chromium.org/security-considerations for suggestions on keeping ChromeDriver safe.
ChromeDriver was started successfully.
]]></system-err>
  </testcase>
  <testcase name="setUp" classname="com.crm.qa.testcases.LoginPage2Test" time="0">
    <skipped/>
  </testcase>
  <testcase name="loginPage2TitleTest" classname="com.crm.qa.testcases.LoginPage2Test" time="0">
    <skipped message="session not created: This version of ChromeDriver only supports Chrome version 95&#10;Current browser version is 97.0.4692.71 with binary path C:\Program Files\Google\Chrome\Application\chrome.exe&#10;Build info: version: &apos;3.141.59&apos;, revision: &apos;e82be7d358&apos;, time: &apos;2018-11-14T08:17:03&apos;&#10;System info: host: &apos;DESKTOP-R1MUA42&apos;, ip: &apos;192.168.1.127&apos;, os.name: &apos;Windows 10&apos;, os.arch: &apos;amd64&apos;, os.version: &apos;10.0&apos;, java.version: &apos;1.8.0_241&apos;&#10;Driver info: driver.version: ChromeDriver&#10;remote stacktrace: Backtrace:&#10;	Ordinal0 [0x00B506F3+2492147]&#10;	Ordinal0 [0x00AE9BD1+2071505]&#10;	Ordinal0 [0x009F2478+1057912]&#10;	Ordinal0 [0x00A10631+1181233]&#10;	Ordinal0 [0x00A0C43B+1164347]&#10;	Ordinal0 [0x00A09C9F+1154207]&#10;	Ordinal0 [0x00A39DFF+1351167]&#10;	Ordinal0 [0x00A39A6A+1350250]&#10;	Ordinal0 [0x00A3568B+1332875]&#10;	Ordinal0 [0x00A121D4+1188308]&#10;	Ordinal0 [0x00A1302F+1191983]&#10;	GetHandleVerifier [0x00CD67A6+1545030]&#10;	GetHandleVerifier [0x00D8105C+2243580]&#10;	GetHandleVerifier [0x00BDBC97+518199]&#10;	GetHandleVerifier [0x00BDAD80+514336]&#10;	Ordinal0 [0x00AEED2D+2092333]&#10;	Ordinal0 [0x00AF2EE8+2109160]&#10;	Ordinal0 [0x00AF3022+2109474]&#10;	Ordinal0 [0x00AFCB71+2149233]&#10;	BaseThreadInitThunk [0x75D6FA29+25]&#10;	RtlGetAppContainerNamedObjectPath [0x77D47A9E+286]&#10;	RtlGetAppContainerNamedObjectPath [0x77D47A6E+238]&#10;"/>
    <system-out><![CDATA[Skipped the execution
test case skipped at: loginPage2TitleTest
]]></system-out>
  </testcase>
  <testcase name="teardown" classname="com.crm.qa.testcases.LoginPage2Test" time="0">
    <skipped/>
  </testcase>
  <testcase name="teardown" classname="com.crm.qa.testcases.LoginPage2Test" time="0">
    <skipped/>
  </testcase>
  <testcase name="setUp" classname="com.crm.qa.testcases.ContactsPageTest" time="7.691">
    <failure message="session not created: This version of ChromeDriver only supports Chrome version 95&#10;Current browser version is 97.0.4692.71 with binary path C:\Program Files\Google\Chrome\Application\chrome.exe&#10;Build info: version: &apos;3.141.59&apos;, revision: &apos;e82be7d358&apos;, time: &apos;2018-11-14T08:17:03&apos;&#10;System info: host: &apos;DESKTOP-R1MUA42&apos;, ip: &apos;192.168.1.127&apos;, os.name: &apos;Windows 10&apos;, os.arch: &apos;amd64&apos;, os.version: &apos;10.0&apos;, java.version: &apos;1.8.0_241&apos;&#10;Driver info: driver.version: ChromeDriver&#10;remote stacktrace: Backtrace:&#10;	Ordinal0 [0x00B506F3+2492147]&#10;	Ordinal0 [0x00AE9BD1+2071505]&#10;	Ordinal0 [0x009F2478+1057912]&#10;	Ordinal0 [0x00A10631+1181233]&#10;	Ordinal0 [0x00A0C43B+1164347]&#10;	Ordinal0 [0x00A09C9F+1154207]&#10;	Ordinal0 [0x00A39DFF+1351167]&#10;	Ordinal0 [0x00A39A6A+1350250]&#10;	Ordinal0 [0x00A3568B+1332875]&#10;	Ordinal0 [0x00A121D4+1188308]&#10;	Ordinal0 [0x00A1302F+1191983]&#10;	GetHandleVerifier [0x00CD67A6+1545030]&#10;	GetHandleVerifier [0x00D8105C+2243580]&#10;	GetHandleVerifier [0x00BDBC97+518199]&#10;	GetHandleVerifier [0x00BDAD80+514336]&#10;	Ordinal0 [0x00AEED2D+2092333]&#10;	Ordinal0 [0x00AF2EE8+2109160]&#10;	Ordinal0 [0x00AF3022+2109474]&#10;	Ordinal0 [0x00AFCB71+2149233]&#10;	BaseThreadInitThunk [0x75D6FA29+25]&#10;	RtlGetAppContainerNamedObjectPath [0x77D47A9E+286]&#10;	RtlGetAppContainerNamedObjectPath [0x77D47A6E+238]&#10;" type="org.openqa.selenium.SessionNotCreatedException">org.openqa.selenium.SessionNotCreatedException: 
session not created: This version of ChromeDriver only supports Chrome version 95
Current browser version is 97.0.4692.71 with binary path C:\Program Files\Google\Chrome\Application\chrome.exe
Build info: version: '3.141.59', revision: 'e82be7d358', time: '2018-11-14T08:17:03'
System info: host: 'DESKTOP-R1MUA42', ip: '192.168.1.127', os.name: 'Windows 10', os.arch: 'amd64', os.version: '10.0', java.version: '1.8.0_241'
Driver info: driver.version: ChromeDriver
remote stacktrace: Backtrace:
	Ordinal0 [0x00B506F3+2492147]
	Ordinal0 [0x00AE9BD1+2071505]
	Ordinal0 [0x009F2478+1057912]
	Ordinal0 [0x00A10631+1181233]
	Ordinal0 [0x00A0C43B+1164347]
	Ordinal0 [0x00A09C9F+1154207]
	Ordinal0 [0x00A39DFF+1351167]
	Ordinal0 [0x00A39A6A+1350250]
	Ordinal0 [0x00A3568B+1332875]
	Ordinal0 [0x00A121D4+1188308]
	Ordinal0 [0x00A1302F+1191983]
	GetHandleVerifier [0x00CD67A6+1545030]
	GetHandleVerifier [0x00D8105C+2243580]
	GetHandleVerifier [0x00BDBC97+518199]
	GetHandleVerifier [0x00BDAD80+514336]
	Ordinal0 [0x00AEED2D+2092333]
	Ordinal0 [0x00AF2EE8+2109160]
	Ordinal0 [0x00AF3022+2109474]
	Ordinal0 [0x00AFCB71+2149233]
	BaseThreadInitThunk [0x75D6FA29+25]
	RtlGetAppContainerNamedObjectPath [0x77D47A9E+286]
	RtlGetAppContainerNamedObjectPath [0x77D47A6E+238]

	at com.crm.qa.testcases.ContactsPageTest.setUp(ContactsPageTest.java:31)
</failure>
    <system-err><![CDATA[Starting ChromeDriver 95.0.4638.54 (d31a821ec901f68d0d34ccdbaea45b4c86ce543e-refs/branch-heads/4638@{#871}) on port 34068
Only local connections are allowed.
Please see https://chromedriver.chromium.org/security-considerations for suggestions on keeping ChromeDriver safe.
ChromeDriver was started successfully.
]]></system-err>
  </testcase>
  <testcase name="setUp" classname="com.crm.qa.testcases.ContactsPageTest" time="0">
    <skipped/>
    <system-out><![CDATA[[INFO ] 2022-01-19 21:46:29,443 TestUtil.getExcelData() - Total rows:4
[INFO ] 2022-01-19 21:46:29,456 TestUtil.getExcelData() - total cols:3
[INFO ] 2022-01-19 21:46:29,475 TestUtil.getExcelData() - total cols:3
[INFO ] 2022-01-19 21:46:29,478 TestUtil.getExcelData() - total cols:3
[INFO ] 2022-01-19 21:46:29,479 TestUtil.getExcelData() - total cols:3
]]></system-out>
  </testcase>
  <testcase name="setUp" classname="com.crm.qa.testcases.ContactsPageTest" time="0">
    <skipped/>
  </testcase>
  <testcase name="setUp" classname="com.crm.qa.testcases.ContactsPageTest" time="0">
    <skipped/>
  </testcase>
  <testcase name="setUp" classname="com.crm.qa.testcases.ContactsPageTest" time="0">
    <skipped/>
  </testcase>
  <testcase name="setUp" classname="com.crm.qa.testcases.ContactsPageTest" time="0">
    <skipped/>
  </testcase>
  <testcase name="verifyContactsLabelTest" classname="com.crm.qa.testcases.ContactsPageTest" time="0">
    <skipped message="session not created: This version of ChromeDriver only supports Chrome version 95&#10;Current browser version is 97.0.4692.71 with binary path C:\Program Files\Google\Chrome\Application\chrome.exe&#10;Build info: version: &apos;3.141.59&apos;, revision: &apos;e82be7d358&apos;, time: &apos;2018-11-14T08:17:03&apos;&#10;System info: host: &apos;DESKTOP-R1MUA42&apos;, ip: &apos;192.168.1.127&apos;, os.name: &apos;Windows 10&apos;, os.arch: &apos;amd64&apos;, os.version: &apos;10.0&apos;, java.version: &apos;1.8.0_241&apos;&#10;Driver info: driver.version: ChromeDriver&#10;remote stacktrace: Backtrace:&#10;	Ordinal0 [0x00B506F3+2492147]&#10;	Ordinal0 [0x00AE9BD1+2071505]&#10;	Ordinal0 [0x009F2478+1057912]&#10;	Ordinal0 [0x00A10631+1181233]&#10;	Ordinal0 [0x00A0C43B+1164347]&#10;	Ordinal0 [0x00A09C9F+1154207]&#10;	Ordinal0 [0x00A39DFF+1351167]&#10;	Ordinal0 [0x00A39A6A+1350250]&#10;	Ordinal0 [0x00A3568B+1332875]&#10;	Ordinal0 [0x00A121D4+1188308]&#10;	Ordinal0 [0x00A1302F+1191983]&#10;	GetHandleVerifier [0x00CD67A6+1545030]&#10;	GetHandleVerifier [0x00D8105C+2243580]&#10;	GetHandleVerifier [0x00BDBC97+518199]&#10;	GetHandleVerifier [0x00BDAD80+514336]&#10;	Ordinal0 [0x00AEED2D+2092333]&#10;	Ordinal0 [0x00AF2EE8+2109160]&#10;	Ordinal0 [0x00AF3022+2109474]&#10;	Ordinal0 [0x00AFCB71+2149233]&#10;	BaseThreadInitThunk [0x75D6FA29+25]&#10;	RtlGetAppContainerNamedObjectPath [0x77D47A9E+286]&#10;	RtlGetAppContainerNamedObjectPath [0x77D47A6E+238]&#10;"/>
    <system-out><![CDATA[Skipped the execution
test case skipped at: verifyContactsLabelTest
]]></system-out>
  </testcase>
  <testcase name="teardown" classname="com.crm.qa.testcases.ContactsPageTest" time="0">
    <skipped/>
  </testcase>
  <testcase name="teardown" classname="com.crm.qa.testcases.ContactsPageTest" time="0">
    <skipped/>
  </testcase>
  <testcase name="teardown" classname="com.crm.qa.testcases.ContactsPageTest" time="0">
    <skipped/>
  </testcase>
  <testcase name="teardown" classname="com.crm.qa.testcases.ContactsPageTest" time="0">
    <skipped/>
  </testcase>
  <testcase name="teardown" classname="com.crm.qa.testcases.ContactsPageTest" time="0">
    <skipped/>
  </testcase>
  <testcase name="teardown" classname="com.crm.qa.testcases.ContactsPageTest" time="0">
    <skipped/>
  </testcase>
  <testcase name="setUp" classname="com.crm.qa.testcases.HomePageTest" time="8.919">
    <failure message="session not created: This version of ChromeDriver only supports Chrome version 95&#10;Current browser version is 97.0.4692.71 with binary path C:\Program Files\Google\Chrome\Application\chrome.exe&#10;Build info: version: &apos;3.141.59&apos;, revision: &apos;e82be7d358&apos;, time: &apos;2018-11-14T08:17:03&apos;&#10;System info: host: &apos;DESKTOP-R1MUA42&apos;, ip: &apos;192.168.1.127&apos;, os.name: &apos;Windows 10&apos;, os.arch: &apos;amd64&apos;, os.version: &apos;10.0&apos;, java.version: &apos;1.8.0_241&apos;&#10;Driver info: driver.version: ChromeDriver&#10;remote stacktrace: Backtrace:&#10;	Ordinal0 [0x00B506F3+2492147]&#10;	Ordinal0 [0x00AE9BD1+2071505]&#10;	Ordinal0 [0x009F2478+1057912]&#10;	Ordinal0 [0x00A10631+1181233]&#10;	Ordinal0 [0x00A0C43B+1164347]&#10;	Ordinal0 [0x00A09C9F+1154207]&#10;	Ordinal0 [0x00A39DFF+1351167]&#10;	Ordinal0 [0x00A39A6A+1350250]&#10;	Ordinal0 [0x00A3568B+1332875]&#10;	Ordinal0 [0x00A121D4+1188308]&#10;	Ordinal0 [0x00A1302F+1191983]&#10;	GetHandleVerifier [0x00CD67A6+1545030]&#10;	GetHandleVerifier [0x00D8105C+2243580]&#10;	GetHandleVerifier [0x00BDBC97+518199]&#10;	GetHandleVerifier [0x00BDAD80+514336]&#10;	Ordinal0 [0x00AEED2D+2092333]&#10;	Ordinal0 [0x00AF2EE8+2109160]&#10;	Ordinal0 [0x00AF3022+2109474]&#10;	Ordinal0 [0x00AFCB71+2149233]&#10;	BaseThreadInitThunk [0x75D6FA29+25]&#10;	RtlGetAppContainerNamedObjectPath [0x77D47A9E+286]&#10;	RtlGetAppContainerNamedObjectPath [0x77D47A6E+238]&#10;" type="org.openqa.selenium.SessionNotCreatedException">org.openqa.selenium.SessionNotCreatedException: 
session not created: This version of ChromeDriver only supports Chrome version 95
Current browser version is 97.0.4692.71 with binary path C:\Program Files\Google\Chrome\Application\chrome.exe
Build info: version: '3.141.59', revision: 'e82be7d358', time: '2018-11-14T08:17:03'
System info: host: 'DESKTOP-R1MUA42', ip: '192.168.1.127', os.name: 'Windows 10', os.arch: 'amd64', os.version: '10.0', java.version: '1.8.0_241'
Driver info: driver.version: ChromeDriver
remote stacktrace: Backtrace:
	Ordinal0 [0x00B506F3+2492147]
	Ordinal0 [0x00AE9BD1+2071505]
	Ordinal0 [0x009F2478+1057912]
	Ordinal0 [0x00A10631+1181233]
	Ordinal0 [0x00A0C43B+1164347]
	Ordinal0 [0x00A09C9F+1154207]
	Ordinal0 [0x00A39DFF+1351167]
	Ordinal0 [0x00A39A6A+1350250]
	Ordinal0 [0x00A3568B+1332875]
	Ordinal0 [0x00A121D4+1188308]
	Ordinal0 [0x00A1302F+1191983]
	GetHandleVerifier [0x00CD67A6+1545030]
	GetHandleVerifier [0x00D8105C+2243580]
	GetHandleVerifier [0x00BDBC97+518199]
	GetHandleVerifier [0x00BDAD80+514336]
	Ordinal0 [0x00AEED2D+2092333]
	Ordinal0 [0x00AF2EE8+2109160]
	Ordinal0 [0x00AF3022+2109474]
	Ordinal0 [0x00AFCB71+2149233]
	BaseThreadInitThunk [0x75D6FA29+25]
	RtlGetAppContainerNamedObjectPath [0x77D47A9E+286]
	RtlGetAppContainerNamedObjectPath [0x77D47A6E+238]

	at com.crm.qa.testcases.HomePageTest.setUp(HomePageTest.java:34)
</failure>
    <system-err><![CDATA[Starting ChromeDriver 95.0.4638.54 (d31a821ec901f68d0d34ccdbaea45b4c86ce543e-refs/branch-heads/4638@{#871}) on port 7527
Only local connections are allowed.
Please see https://chromedriver.chromium.org/security-considerations for suggestions on keeping ChromeDriver safe.
ChromeDriver was started successfully.
]]></system-err>
  </testcase>
  <testcase name="setUp" classname="com.crm.qa.testcases.HomePageTest" time="0">
    <skipped/>
  </testcase>
  <testcase name="setUp" classname="com.crm.qa.testcases.HomePageTest" time="0">
    <skipped/>
  </testcase>
  <testcase name="setUp" classname="com.crm.qa.testcases.HomePageTest" time="0">
    <skipped/>
  </testcase>
  <testcase name="homepageTitleTest" classname="com.crm.qa.testcases.HomePageTest" time="0">
    <skipped message="session not created: This version of ChromeDriver only supports Chrome version 95&#10;Current browser version is 97.0.4692.71 with binary path C:\Program Files\Google\Chrome\Application\chrome.exe&#10;Build info: version: &apos;3.141.59&apos;, revision: &apos;e82be7d358&apos;, time: &apos;2018-11-14T08:17:03&apos;&#10;System info: host: &apos;DESKTOP-R1MUA42&apos;, ip: &apos;192.168.1.127&apos;, os.name: &apos;Windows 10&apos;, os.arch: &apos;amd64&apos;, os.version: &apos;10.0&apos;, java.version: &apos;1.8.0_241&apos;&#10;Driver info: driver.version: ChromeDriver&#10;remote stacktrace: Backtrace:&#10;	Ordinal0 [0x00B506F3+2492147]&#10;	Ordinal0 [0x00AE9BD1+2071505]&#10;	Ordinal0 [0x009F2478+1057912]&#10;	Ordinal0 [0x00A10631+1181233]&#10;	Ordinal0 [0x00A0C43B+1164347]&#10;	Ordinal0 [0x00A09C9F+1154207]&#10;	Ordinal0 [0x00A39DFF+1351167]&#10;	Ordinal0 [0x00A39A6A+1350250]&#10;	Ordinal0 [0x00A3568B+1332875]&#10;	Ordinal0 [0x00A121D4+1188308]&#10;	Ordinal0 [0x00A1302F+1191983]&#10;	GetHandleVerifier [0x00CD67A6+1545030]&#10;	GetHandleVerifier [0x00D8105C+2243580]&#10;	GetHandleVerifier [0x00BDBC97+518199]&#10;	GetHandleVerifier [0x00BDAD80+514336]&#10;	Ordinal0 [0x00AEED2D+2092333]&#10;	Ordinal0 [0x00AF2EE8+2109160]&#10;	Ordinal0 [0x00AF3022+2109474]&#10;	Ordinal0 [0x00AFCB71+2149233]&#10;	BaseThreadInitThunk [0x75D6FA29+25]&#10;	RtlGetAppContainerNamedObjectPath [0x77D47A9E+286]&#10;	RtlGetAppContainerNamedObjectPath [0x77D47A6E+238]&#10;"/>
    <system-out><![CDATA[Skipped the execution
test case skipped at: homepageTitleTest
]]></system-out>
  </testcase>
  <testcase name="teardown" classname="com.crm.qa.testcases.HomePageTest" time="0">
    <skipped/>
  </testcase>
  <testcase name="teardown" classname="com.crm.qa.testcases.HomePageTest" time="0">
    <skipped/>
  </testcase>
  <testcase name="teardown" classname="com.crm.qa.testcases.HomePageTest" time="0">
    <skipped/>
  </testcase>
  <testcase name="teardown" classname="com.crm.qa.testcases.HomePageTest" time="0">
    <skipped/>
  </testcase>
  <testcase name="FreeCrmLogoTest" classname="com.crm.qa.testcases.LoginPage1Test" time="0">
    <skipped message="session not created: This version of ChromeDriver only supports Chrome version 95&#10;Current browser version is 97.0.4692.71 with binary path C:\Program Files\Google\Chrome\Application\chrome.exe&#10;Build info: version: &apos;3.141.59&apos;, revision: &apos;e82be7d358&apos;, time: &apos;2018-11-14T08:17:03&apos;&#10;System info: host: &apos;DESKTOP-R1MUA42&apos;, ip: &apos;192.168.1.127&apos;, os.name: &apos;Windows 10&apos;, os.arch: &apos;amd64&apos;, os.version: &apos;10.0&apos;, java.version: &apos;1.8.0_241&apos;&#10;Driver info: driver.version: ChromeDriver&#10;remote stacktrace: Backtrace:&#10;	Ordinal0 [0x00B506F3+2492147]&#10;	Ordinal0 [0x00AE9BD1+2071505]&#10;	Ordinal0 [0x009F2478+1057912]&#10;	Ordinal0 [0x00A10631+1181233]&#10;	Ordinal0 [0x00A0C43B+1164347]&#10;	Ordinal0 [0x00A09C9F+1154207]&#10;	Ordinal0 [0x00A39DFF+1351167]&#10;	Ordinal0 [0x00A39A6A+1350250]&#10;	Ordinal0 [0x00A3568B+1332875]&#10;	Ordinal0 [0x00A121D4+1188308]&#10;	Ordinal0 [0x00A1302F+1191983]&#10;	GetHandleVerifier [0x00CD67A6+1545030]&#10;	GetHandleVerifier [0x00D8105C+2243580]&#10;	GetHandleVerifier [0x00BDBC97+518199]&#10;	GetHandleVerifier [0x00BDAD80+514336]&#10;	Ordinal0 [0x00AEED2D+2092333]&#10;	Ordinal0 [0x00AF2EE8+2109160]&#10;	Ordinal0 [0x00AF3022+2109474]&#10;	Ordinal0 [0x00AFCB71+2149233]&#10;	BaseThreadInitThunk [0x75D6FA29+25]&#10;	RtlGetAppContainerNamedObjectPath [0x77D47A9E+286]&#10;	RtlGetAppContainerNamedObjectPath [0x77D47A6E+238]&#10;"/>
    <system-out><![CDATA[Skipped the execution
test case skipped at: FreeCrmLogoTest
]]></system-out>
  </testcase>
  <testcase name="Login1Test" classname="com.crm.qa.testcases.LoginPage2Test" time="0">
    <skipped message="session not created: This version of ChromeDriver only supports Chrome version 95&#10;Current browser version is 97.0.4692.71 with binary path C:\Program Files\Google\Chrome\Application\chrome.exe&#10;Build info: version: &apos;3.141.59&apos;, revision: &apos;e82be7d358&apos;, time: &apos;2018-11-14T08:17:03&apos;&#10;System info: host: &apos;DESKTOP-R1MUA42&apos;, ip: &apos;192.168.1.127&apos;, os.name: &apos;Windows 10&apos;, os.arch: &apos;amd64&apos;, os.version: &apos;10.0&apos;, java.version: &apos;1.8.0_241&apos;&#10;Driver info: driver.version: ChromeDriver&#10;remote stacktrace: Backtrace:&#10;	Ordinal0 [0x00B506F3+2492147]&#10;	Ordinal0 [0x00AE9BD1+2071505]&#10;	Ordinal0 [0x009F2478+1057912]&#10;	Ordinal0 [0x00A10631+1181233]&#10;	Ordinal0 [0x00A0C43B+1164347]&#10;	Ordinal0 [0x00A09C9F+1154207]&#10;	Ordinal0 [0x00A39DFF+1351167]&#10;	Ordinal0 [0x00A39A6A+1350250]&#10;	Ordinal0 [0x00A3568B+1332875]&#10;	Ordinal0 [0x00A121D4+1188308]&#10;	Ordinal0 [0x00A1302F+1191983]&#10;	GetHandleVerifier [0x00CD67A6+1545030]&#10;	GetHandleVerifier [0x00D8105C+2243580]&#10;	GetHandleVerifier [0x00BDBC97+518199]&#10;	GetHandleVerifier [0x00BDAD80+514336]&#10;	Ordinal0 [0x00AEED2D+2092333]&#10;	Ordinal0 [0x00AF2EE8+2109160]&#10;	Ordinal0 [0x00AF3022+2109474]&#10;	Ordinal0 [0x00AFCB71+2149233]&#10;	BaseThreadInitThunk [0x75D6FA29+25]&#10;	RtlGetAppContainerNamedObjectPath [0x77D47A9E+286]&#10;	RtlGetAppContainerNamedObjectPath [0x77D47A6E+238]&#10;"/>
    <system-out><![CDATA[Skipped the execution
test case skipped at: Login1Test
]]></system-out>
  </testcase>
  <testcase name="validateAddContact" classname="com.crm.qa.testcases.ContactsPageTest" time="0">
    <skipped message="session not created: This version of ChromeDriver only supports Chrome version 95&#10;Current browser version is 97.0.4692.71 with binary path C:\Program Files\Google\Chrome\Application\chrome.exe&#10;Build info: version: &apos;3.141.59&apos;, revision: &apos;e82be7d358&apos;, time: &apos;2018-11-14T08:17:03&apos;&#10;System info: host: &apos;DESKTOP-R1MUA42&apos;, ip: &apos;192.168.1.127&apos;, os.name: &apos;Windows 10&apos;, os.arch: &apos;amd64&apos;, os.version: &apos;10.0&apos;, java.version: &apos;1.8.0_241&apos;&#10;Driver info: driver.version: ChromeDriver&#10;remote stacktrace: Backtrace:&#10;	Ordinal0 [0x00B506F3+2492147]&#10;	Ordinal0 [0x00AE9BD1+2071505]&#10;	Ordinal0 [0x009F2478+1057912]&#10;	Ordinal0 [0x00A10631+1181233]&#10;	Ordinal0 [0x00A0C43B+1164347]&#10;	Ordinal0 [0x00A09C9F+1154207]&#10;	Ordinal0 [0x00A39DFF+1351167]&#10;	Ordinal0 [0x00A39A6A+1350250]&#10;	Ordinal0 [0x00A3568B+1332875]&#10;	Ordinal0 [0x00A121D4+1188308]&#10;	Ordinal0 [0x00A1302F+1191983]&#10;	GetHandleVerifier [0x00CD67A6+1545030]&#10;	GetHandleVerifier [0x00D8105C+2243580]&#10;	GetHandleVerifier [0x00BDBC97+518199]&#10;	GetHandleVerifier [0x00BDAD80+514336]&#10;	Ordinal0 [0x00AEED2D+2092333]&#10;	Ordinal0 [0x00AF2EE8+2109160]&#10;	Ordinal0 [0x00AF3022+2109474]&#10;	Ordinal0 [0x00AFCB71+2149233]&#10;	BaseThreadInitThunk [0x75D6FA29+25]&#10;	RtlGetAppContainerNamedObjectPath [0x77D47A9E+286]&#10;	RtlGetAppContainerNamedObjectPath [0x77D47A6E+238]&#10;"/>
    <system-out><![CDATA[Skipped the execution
test case skipped at: validateAddContact
]]></system-out>
  </testcase>
  <testcase name="validateAddContact" classname="com.crm.qa.testcases.ContactsPageTest" time="0">
    <skipped message="session not created: This version of ChromeDriver only supports Chrome version 95&#10;Current browser version is 97.0.4692.71 with binary path C:\Program Files\Google\Chrome\Application\chrome.exe&#10;Build info: version: &apos;3.141.59&apos;, revision: &apos;e82be7d358&apos;, time: &apos;2018-11-14T08:17:03&apos;&#10;System info: host: &apos;DESKTOP-R1MUA42&apos;, ip: &apos;192.168.1.127&apos;, os.name: &apos;Windows 10&apos;, os.arch: &apos;amd64&apos;, os.version: &apos;10.0&apos;, java.version: &apos;1.8.0_241&apos;&#10;Driver info: driver.version: ChromeDriver&#10;remote stacktrace: Backtrace:&#10;	Ordinal0 [0x00B506F3+2492147]&#10;	Ordinal0 [0x00AE9BD1+2071505]&#10;	Ordinal0 [0x009F2478+1057912]&#10;	Ordinal0 [0x00A10631+1181233]&#10;	Ordinal0 [0x00A0C43B+1164347]&#10;	Ordinal0 [0x00A09C9F+1154207]&#10;	Ordinal0 [0x00A39DFF+1351167]&#10;	Ordinal0 [0x00A39A6A+1350250]&#10;	Ordinal0 [0x00A3568B+1332875]&#10;	Ordinal0 [0x00A121D4+1188308]&#10;	Ordinal0 [0x00A1302F+1191983]&#10;	GetHandleVerifier [0x00CD67A6+1545030]&#10;	GetHandleVerifier [0x00D8105C+2243580]&#10;	GetHandleVerifier [0x00BDBC97+518199]&#10;	GetHandleVerifier [0x00BDAD80+514336]&#10;	Ordinal0 [0x00AEED2D+2092333]&#10;	Ordinal0 [0x00AF2EE8+2109160]&#10;	Ordinal0 [0x00AF3022+2109474]&#10;	Ordinal0 [0x00AFCB71+2149233]&#10;	BaseThreadInitThunk [0x75D6FA29+25]&#10;	RtlGetAppContainerNamedObjectPath [0x77D47A9E+286]&#10;	RtlGetAppContainerNamedObjectPath [0x77D47A6E+238]&#10;"/>
    <system-out><![CDATA[Skipped the execution
test case skipped at: validateAddContact
]]></system-out>
  </testcase>
  <testcase name="validateAddContact" classname="com.crm.qa.testcases.ContactsPageTest" time="0">
    <skipped message="session not created: This version of ChromeDriver only supports Chrome version 95&#10;Current browser version is 97.0.4692.71 with binary path C:\Program Files\Google\Chrome\Application\chrome.exe&#10;Build info: version: &apos;3.141.59&apos;, revision: &apos;e82be7d358&apos;, time: &apos;2018-11-14T08:17:03&apos;&#10;System info: host: &apos;DESKTOP-R1MUA42&apos;, ip: &apos;192.168.1.127&apos;, os.name: &apos;Windows 10&apos;, os.arch: &apos;amd64&apos;, os.version: &apos;10.0&apos;, java.version: &apos;1.8.0_241&apos;&#10;Driver info: driver.version: ChromeDriver&#10;remote stacktrace: Backtrace:&#10;	Ordinal0 [0x00B506F3+2492147]&#10;	Ordinal0 [0x00AE9BD1+2071505]&#10;	Ordinal0 [0x009F2478+1057912]&#10;	Ordinal0 [0x00A10631+1181233]&#10;	Ordinal0 [0x00A0C43B+1164347]&#10;	Ordinal0 [0x00A09C9F+1154207]&#10;	Ordinal0 [0x00A39DFF+1351167]&#10;	Ordinal0 [0x00A39A6A+1350250]&#10;	Ordinal0 [0x00A3568B+1332875]&#10;	Ordinal0 [0x00A121D4+1188308]&#10;	Ordinal0 [0x00A1302F+1191983]&#10;	GetHandleVerifier [0x00CD67A6+1545030]&#10;	GetHandleVerifier [0x00D8105C+2243580]&#10;	GetHandleVerifier [0x00BDBC97+518199]&#10;	GetHandleVerifier [0x00BDAD80+514336]&#10;	Ordinal0 [0x00AEED2D+2092333]&#10;	Ordinal0 [0x00AF2EE8+2109160]&#10;	Ordinal0 [0x00AF3022+2109474]&#10;	Ordinal0 [0x00AFCB71+2149233]&#10;	BaseThreadInitThunk [0x75D6FA29+25]&#10;	RtlGetAppContainerNamedObjectPath [0x77D47A9E+286]&#10;	RtlGetAppContainerNamedObjectPath [0x77D47A6E+238]&#10;"/>
    <system-out><![CDATA[Skipped the execution
test case skipped at: validateAddContact
]]></system-out>
  </testcase>
  <testcase name="validateAddContact" classname="com.crm.qa.testcases.ContactsPageTest" time="0">
    <skipped message="session not created: This version of ChromeDriver only supports Chrome version 95&#10;Current browser version is 97.0.4692.71 with binary path C:\Program Files\Google\Chrome\Application\chrome.exe&#10;Build info: version: &apos;3.141.59&apos;, revision: &apos;e82be7d358&apos;, time: &apos;2018-11-14T08:17:03&apos;&#10;System info: host: &apos;DESKTOP-R1MUA42&apos;, ip: &apos;192.168.1.127&apos;, os.name: &apos;Windows 10&apos;, os.arch: &apos;amd64&apos;, os.version: &apos;10.0&apos;, java.version: &apos;1.8.0_241&apos;&#10;Driver info: driver.version: ChromeDriver&#10;remote stacktrace: Backtrace:&#10;	Ordinal0 [0x00B506F3+2492147]&#10;	Ordinal0 [0x00AE9BD1+2071505]&#10;	Ordinal0 [0x009F2478+1057912]&#10;	Ordinal0 [0x00A10631+1181233]&#10;	Ordinal0 [0x00A0C43B+1164347]&#10;	Ordinal0 [0x00A09C9F+1154207]&#10;	Ordinal0 [0x00A39DFF+1351167]&#10;	Ordinal0 [0x00A39A6A+1350250]&#10;	Ordinal0 [0x00A3568B+1332875]&#10;	Ordinal0 [0x00A121D4+1188308]&#10;	Ordinal0 [0x00A1302F+1191983]&#10;	GetHandleVerifier [0x00CD67A6+1545030]&#10;	GetHandleVerifier [0x00D8105C+2243580]&#10;	GetHandleVerifier [0x00BDBC97+518199]&#10;	GetHandleVerifier [0x00BDAD80+514336]&#10;	Ordinal0 [0x00AEED2D+2092333]&#10;	Ordinal0 [0x00AF2EE8+2109160]&#10;	Ordinal0 [0x00AF3022+2109474]&#10;	Ordinal0 [0x00AFCB71+2149233]&#10;	BaseThreadInitThunk [0x75D6FA29+25]&#10;	RtlGetAppContainerNamedObjectPath [0x77D47A9E+286]&#10;	RtlGetAppContainerNamedObjectPath [0x77D47A6E+238]&#10;"/>
    <system-out><![CDATA[Skipped the execution
test case skipped at: validateAddContact
]]></system-out>
  </testcase>
  <testcase name="verifyUsernameLabelTest" classname="com.crm.qa.testcases.HomePageTest" time="0">
    <skipped message="session not created: This version of ChromeDriver only supports Chrome version 95&#10;Current browser version is 97.0.4692.71 with binary path C:\Program Files\Google\Chrome\Application\chrome.exe&#10;Build info: version: &apos;3.141.59&apos;, revision: &apos;e82be7d358&apos;, time: &apos;2018-11-14T08:17:03&apos;&#10;System info: host: &apos;DESKTOP-R1MUA42&apos;, ip: &apos;192.168.1.127&apos;, os.name: &apos;Windows 10&apos;, os.arch: &apos;amd64&apos;, os.version: &apos;10.0&apos;, java.version: &apos;1.8.0_241&apos;&#10;Driver info: driver.version: ChromeDriver&#10;remote stacktrace: Backtrace:&#10;	Ordinal0 [0x00B506F3+2492147]&#10;	Ordinal0 [0x00AE9BD1+2071505]&#10;	Ordinal0 [0x009F2478+1057912]&#10;	Ordinal0 [0x00A10631+1181233]&#10;	Ordinal0 [0x00A0C43B+1164347]&#10;	Ordinal0 [0x00A09C9F+1154207]&#10;	Ordinal0 [0x00A39DFF+1351167]&#10;	Ordinal0 [0x00A39A6A+1350250]&#10;	Ordinal0 [0x00A3568B+1332875]&#10;	Ordinal0 [0x00A121D4+1188308]&#10;	Ordinal0 [0x00A1302F+1191983]&#10;	GetHandleVerifier [0x00CD67A6+1545030]&#10;	GetHandleVerifier [0x00D8105C+2243580]&#10;	GetHandleVerifier [0x00BDBC97+518199]&#10;	GetHandleVerifier [0x00BDAD80+514336]&#10;	Ordinal0 [0x00AEED2D+2092333]&#10;	Ordinal0 [0x00AF2EE8+2109160]&#10;	Ordinal0 [0x00AF3022+2109474]&#10;	Ordinal0 [0x00AFCB71+2149233]&#10;	BaseThreadInitThunk [0x75D6FA29+25]&#10;	RtlGetAppContainerNamedObjectPath [0x77D47A9E+286]&#10;	RtlGetAppContainerNamedObjectPath [0x77D47A6E+238]&#10;"/>
    <system-out><![CDATA[Skipped the execution
test case skipped at: verifyUsernameLabelTest
]]></system-out>
  </testcase>
  <testcase name="validateLogin1Test" classname="com.crm.qa.testcases.LoginPage1Test" time="0">
    <skipped message="session not created: This version of ChromeDriver only supports Chrome version 95&#10;Current browser version is 97.0.4692.71 with binary path C:\Program Files\Google\Chrome\Application\chrome.exe&#10;Build info: version: &apos;3.141.59&apos;, revision: &apos;e82be7d358&apos;, time: &apos;2018-11-14T08:17:03&apos;&#10;System info: host: &apos;DESKTOP-R1MUA42&apos;, ip: &apos;192.168.1.127&apos;, os.name: &apos;Windows 10&apos;, os.arch: &apos;amd64&apos;, os.version: &apos;10.0&apos;, java.version: &apos;1.8.0_241&apos;&#10;Driver info: driver.version: ChromeDriver&#10;remote stacktrace: Backtrace:&#10;	Ordinal0 [0x00B506F3+2492147]&#10;	Ordinal0 [0x00AE9BD1+2071505]&#10;	Ordinal0 [0x009F2478+1057912]&#10;	Ordinal0 [0x00A10631+1181233]&#10;	Ordinal0 [0x00A0C43B+1164347]&#10;	Ordinal0 [0x00A09C9F+1154207]&#10;	Ordinal0 [0x00A39DFF+1351167]&#10;	Ordinal0 [0x00A39A6A+1350250]&#10;	Ordinal0 [0x00A3568B+1332875]&#10;	Ordinal0 [0x00A121D4+1188308]&#10;	Ordinal0 [0x00A1302F+1191983]&#10;	GetHandleVerifier [0x00CD67A6+1545030]&#10;	GetHandleVerifier [0x00D8105C+2243580]&#10;	GetHandleVerifier [0x00BDBC97+518199]&#10;	GetHandleVerifier [0x00BDAD80+514336]&#10;	Ordinal0 [0x00AEED2D+2092333]&#10;	Ordinal0 [0x00AF2EE8+2109160]&#10;	Ordinal0 [0x00AF3022+2109474]&#10;	Ordinal0 [0x00AFCB71+2149233]&#10;	BaseThreadInitThunk [0x75D6FA29+25]&#10;	RtlGetAppContainerNamedObjectPath [0x77D47A9E+286]&#10;	RtlGetAppContainerNamedObjectPath [0x77D47A6E+238]&#10;"/>
    <system-out><![CDATA[Skipped the execution
test case skipped at: validateLogin1Test
]]></system-out>
  </testcase>
  <testcase name="verifyContactsByNameTest" classname="com.crm.qa.testcases.ContactsPageTest" time="0">
    <skipped message="session not created: This version of ChromeDriver only supports Chrome version 95&#10;Current browser version is 97.0.4692.71 with binary path C:\Program Files\Google\Chrome\Application\chrome.exe&#10;Build info: version: &apos;3.141.59&apos;, revision: &apos;e82be7d358&apos;, time: &apos;2018-11-14T08:17:03&apos;&#10;System info: host: &apos;DESKTOP-R1MUA42&apos;, ip: &apos;192.168.1.127&apos;, os.name: &apos;Windows 10&apos;, os.arch: &apos;amd64&apos;, os.version: &apos;10.0&apos;, java.version: &apos;1.8.0_241&apos;&#10;Driver info: driver.version: ChromeDriver&#10;remote stacktrace: Backtrace:&#10;	Ordinal0 [0x00B506F3+2492147]&#10;	Ordinal0 [0x00AE9BD1+2071505]&#10;	Ordinal0 [0x009F2478+1057912]&#10;	Ordinal0 [0x00A10631+1181233]&#10;	Ordinal0 [0x00A0C43B+1164347]&#10;	Ordinal0 [0x00A09C9F+1154207]&#10;	Ordinal0 [0x00A39DFF+1351167]&#10;	Ordinal0 [0x00A39A6A+1350250]&#10;	Ordinal0 [0x00A3568B+1332875]&#10;	Ordinal0 [0x00A121D4+1188308]&#10;	Ordinal0 [0x00A1302F+1191983]&#10;	GetHandleVerifier [0x00CD67A6+1545030]&#10;	GetHandleVerifier [0x00D8105C+2243580]&#10;	GetHandleVerifier [0x00BDBC97+518199]&#10;	GetHandleVerifier [0x00BDAD80+514336]&#10;	Ordinal0 [0x00AEED2D+2092333]&#10;	Ordinal0 [0x00AF2EE8+2109160]&#10;	Ordinal0 [0x00AF3022+2109474]&#10;	Ordinal0 [0x00AFCB71+2149233]&#10;	BaseThreadInitThunk [0x75D6FA29+25]&#10;	RtlGetAppContainerNamedObjectPath [0x77D47A9E+286]&#10;	RtlGetAppContainerNamedObjectPath [0x77D47A6E+238]&#10;"/>
    <system-out><![CDATA[Skipped the execution
test case skipped at: verifyContactsByNameTest
]]></system-out>
  </testcase>
  <testcase name="verifyContactsLinkTest" classname="com.crm.qa.testcases.HomePageTest" time="0">
    <skipped message="session not created: This version of ChromeDriver only supports Chrome version 95&#10;Current browser version is 97.0.4692.71 with binary path C:\Program Files\Google\Chrome\Application\chrome.exe&#10;Build info: version: &apos;3.141.59&apos;, revision: &apos;e82be7d358&apos;, time: &apos;2018-11-14T08:17:03&apos;&#10;System info: host: &apos;DESKTOP-R1MUA42&apos;, ip: &apos;192.168.1.127&apos;, os.name: &apos;Windows 10&apos;, os.arch: &apos;amd64&apos;, os.version: &apos;10.0&apos;, java.version: &apos;1.8.0_241&apos;&#10;Driver info: driver.version: ChromeDriver&#10;remote stacktrace: Backtrace:&#10;	Ordinal0 [0x00B506F3+2492147]&#10;	Ordinal0 [0x00AE9BD1+2071505]&#10;	Ordinal0 [0x009F2478+1057912]&#10;	Ordinal0 [0x00A10631+1181233]&#10;	Ordinal0 [0x00A0C43B+1164347]&#10;	Ordinal0 [0x00A09C9F+1154207]&#10;	Ordinal0 [0x00A39DFF+1351167]&#10;	Ordinal0 [0x00A39A6A+1350250]&#10;	Ordinal0 [0x00A3568B+1332875]&#10;	Ordinal0 [0x00A121D4+1188308]&#10;	Ordinal0 [0x00A1302F+1191983]&#10;	GetHandleVerifier [0x00CD67A6+1545030]&#10;	GetHandleVerifier [0x00D8105C+2243580]&#10;	GetHandleVerifier [0x00BDBC97+518199]&#10;	GetHandleVerifier [0x00BDAD80+514336]&#10;	Ordinal0 [0x00AEED2D+2092333]&#10;	Ordinal0 [0x00AF2EE8+2109160]&#10;	Ordinal0 [0x00AF3022+2109474]&#10;	Ordinal0 [0x00AFCB71+2149233]&#10;	BaseThreadInitThunk [0x75D6FA29+25]&#10;	RtlGetAppContainerNamedObjectPath [0x77D47A9E+286]&#10;	RtlGetAppContainerNamedObjectPath [0x77D47A6E+238]&#10;"/>
    <system-out><![CDATA[Skipped the execution
test case skipped at: verifyContactsLinkTest
]]></system-out>
  </testcase>
  <testcase name="clickOnAddContactsTest" classname="com.crm.qa.testcases.HomePageTest" time="0">
    <skipped message="session not created: This version of ChromeDriver only supports Chrome version 95&#10;Current browser version is 97.0.4692.71 with binary path C:\Program Files\Google\Chrome\Application\chrome.exe&#10;Build info: version: &apos;3.141.59&apos;, revision: &apos;e82be7d358&apos;, time: &apos;2018-11-14T08:17:03&apos;&#10;System info: host: &apos;DESKTOP-R1MUA42&apos;, ip: &apos;192.168.1.127&apos;, os.name: &apos;Windows 10&apos;, os.arch: &apos;amd64&apos;, os.version: &apos;10.0&apos;, java.version: &apos;1.8.0_241&apos;&#10;Driver info: driver.version: ChromeDriver&#10;remote stacktrace: Backtrace:&#10;	Ordinal0 [0x00B506F3+2492147]&#10;	Ordinal0 [0x00AE9BD1+2071505]&#10;	Ordinal0 [0x009F2478+1057912]&#10;	Ordinal0 [0x00A10631+1181233]&#10;	Ordinal0 [0x00A0C43B+1164347]&#10;	Ordinal0 [0x00A09C9F+1154207]&#10;	Ordinal0 [0x00A39DFF+1351167]&#10;	Ordinal0 [0x00A39A6A+1350250]&#10;	Ordinal0 [0x00A3568B+1332875]&#10;	Ordinal0 [0x00A121D4+1188308]&#10;	Ordinal0 [0x00A1302F+1191983]&#10;	GetHandleVerifier [0x00CD67A6+1545030]&#10;	GetHandleVerifier [0x00D8105C+2243580]&#10;	GetHandleVerifier [0x00BDBC97+518199]&#10;	GetHandleVerifier [0x00BDAD80+514336]&#10;	Ordinal0 [0x00AEED2D+2092333]&#10;	Ordinal0 [0x00AF2EE8+2109160]&#10;	Ordinal0 [0x00AF3022+2109474]&#10;	Ordinal0 [0x00AFCB71+2149233]&#10;	BaseThreadInitThunk [0x75D6FA29+25]&#10;	RtlGetAppContainerNamedObjectPath [0x77D47A9E+286]&#10;	RtlGetAppContainerNamedObjectPath [0x77D47A6E+238]&#10;"/>
    <system-out><![CDATA[Skipped the execution
test case skipped at: clickOnAddContactsTest
]]></system-out>
  </testcase>
</testsuite>