<?xml version="1.0" encoding="UTF-8"?>
<!-- Generated by org.testng.reporters.JUnitXMLReporter -->
<testsuite hostname="DESKTOP-R1MUA42" ignored="0" name="FREE CRM App Regression TestCases" tests="14" failures="0" timestamp="13 Nov 2021 10:44:18 GMT" time="384.776" errors="0">
  <testcase name="loginPage1TitleTest" time="0.025" classname="com.crm.qa.testcases.LoginPage1Test"/>
  <testcase name="loginPage2TitleTest" time="0.115" classname="com.crm.qa.testcases.LoginPage2Test"/>
  <testcase name="verifyContactsLabelTest" time="0.254" classname="com.crm.qa.testcases.ContactsPageTest"/>
  <testcase name="homepageTitleTest" time="0.204" classname="com.crm.qa.testcases.HomePageTest"/>
  <testcase name="FreeCrmLogoTest" time="0.155" classname="com.crm.qa.testcases.LoginPage1Test"/>
  <testcase name="Login1Test" time="7.372" classname="com.crm.qa.testcases.LoginPage2Test"/>
  <testcase name="validateAddContact" time="19.074" classname="com.crm.qa.testcases.ContactsPageTest"/>
  <testcase name="validateAddContact" time="19.232" classname="com.crm.qa.testcases.ContactsPageTest"/>
  <testcase name="validateAddContact" time="18.952" classname="com.crm.qa.testcases.ContactsPageTest"/>
  <testcase name="validateAddContact" time="19.231" classname="com.crm.qa.testcases.ContactsPageTest"/>
  <testcase name="verifyUsernameLabelTest" time="0.22" classname="com.crm.qa.testcases.HomePageTest"/>
  <testcase name="validateLogin1Test" time="1.814" classname="com.crm.qa.testcases.LoginPage1Test"/>
  <testcase name="verifyContactsLinkTest" time="0.319" classname="com.crm.qa.testcases.HomePageTest"/>
  <testcase name="clickOnAddContactsTest" time="16.021" classname="com.crm.qa.testcases.HomePageTest"/>
</testsuite> <!-- FREE CRM App Regression TestCases -->
